<doc href="https://zen.yandex.ru/media/torshina/test-etot-gorod-rossii-nahoditsia-v-evrope-ili-v-aziiznala-otvet-tolko-na-7-voprosov-iz-10-5ee775a202f56d5bd137f0f4">
 <title auto="true" type="str" verify="true">
  &lt;![CDATA[Тест: "Этот город России находится в Европе или в Азии?"(Знала ответ только на 7 вопросов из 10)]]&gt;
 </title>
 <author auto="true" type="str" verify="true">
  &lt;![CDATA[Торшина - путешественница]]&gt;
 </author>
 <likeCount auto="true" type="int" verify="true">
  764
 </likeCount>
 <middleReadingTime auto="true" type="str" verify="true">
  &lt;![CDATA[2 мин.]]&gt;
 </middleReadingTime>
 <keywords auto="true" type="list" verify="true">
  <keyword auto="true" type="str" verify="true">
   &lt;![CDATA[европа]]&gt;
  </keyword>
  <keyword auto="true" type="str" verify="true">
   &lt;![CDATA[россия]]&gt;
  </keyword>
  <keyword auto="true" type="str" verify="true">
   &lt;![CDATA[география]]&gt;
  </keyword>
  <keyword auto="true" type="str" verify="true">
   &lt;![CDATA[урал]]&gt;
  </keyword>
  <keyword auto="true" type="str" verify="true">
   &lt;![CDATA[города]]&gt;
  </keyword>
 </keywords>
 <text auto="true" type="str" verify="true">
  &lt;![CDATA[Всем привет!
Мы с вами знаем, что география России очень и очень интересная. И страна находится как в Азии, так и в Европе.
Ну что, проверим, что вы запомнили с уроков по географии? Я очень хорошо все повторила, пока готовила этот тест для вас.
Давайте вспомним, как определяется граница Европа-Азия. Граница проходит по водоразделу Уральского хребта: по реке Эмба, по северному берегу Каспийского моря, по Кумо-Маныческой впадине, реке Маныч и нижнему течению реки Дон и далее по северному берегу Азовского и Чёрного морей и проливам Босфор и Дарданеллы. 
Но порой провести границу очень сложно, и географы никак не могут "договориться" между собой.  А все потому что, некоторые исследователи проводят границу не по водоему, а вдоль подошвы восточного склона Уральских гор (таким образом, относя Урал к Европе). 
Ниже указаны разные точки зрения на границу между Азией и Европой.
Освежили в памяти? 

И не забывайте делиться тестом со своими друзьями, уверена им тоже будет интересно!

1. Магнитогорск расположен и в Европе, и в Азии.
2. Оренбург расположен в Азии и в Европе. Там даже есть стела, которую установили на левом берегу реки Урал в Оренбурге.
3. Казань находится в Европе, на реке Волга, с запада от Уральских гор. 
4. Екатеринбург  — большая часть города находится в Азии, доля «европейской» территории города Екатеринбург в настоящее время составляет 5-10% его площади. Но это особенно спорная территория: обычно его относят к восточному городу, хотя и идут споры касательно окрестностей Екатеринбурга.
5. Челябинск относится к Азии.
6. Красноярск относится к Азии.
7. Москва находится в Европе!
8. Владивосток находится в Азии.
9. Омск находится в Азии. Кстати, это единственный город в России, который имеет право на свой собственный флаг.
10. Калининград — находится в Европе, расположен между Польшей и Литвой на побережье Балтийского моря. 
Ну что, сколько правильных ответов вы знали? Делитесь в комментариях!

]]&gt;
 </text>
</doc>