<doc href="https://zen.yandex.ru/media/torshina/test-na-immunitet-stoit-li-vam-opasatsia-virusov-10-voprosov-kotorye-dadut-poniat-nahodites-li-vy-v-zone-riska-ili-net-5eb40945583b5267023fc0d4">
 <title auto="true" type="str" verify="true">
  &lt;![CDATA[Тест на иммунитет: стоит ли вам опасаться вирусов? 10 вопросов, которые дадут понять находитесь ли вы в зоне риска или нет]]&gt;
 </title>
 <author auto="true" type="str" verify="true">
  &lt;![CDATA[Торшина - путешественница]]&gt;
 </author>
 <likeCount auto="true" type="int" verify="true">
  4416
 </likeCount>
 <middleReadingTime auto="true" type="str" verify="true">
  &lt;![CDATA[30 сек.]]&gt;
 </middleReadingTime>
 <keywords auto="true" type="list" verify="true">
  <keyword auto="true" type="str" verify="true">
   &lt;![CDATA[здоровье]]&gt;
  </keyword>
  <keyword auto="true" type="str" verify="true">
   &lt;![CDATA[иммунитет]]&gt;
  </keyword>
  <keyword auto="true" type="str" verify="true">
   &lt;![CDATA[вирус]]&gt;
  </keyword>
  <keyword auto="true" type="str" verify="true">
   &lt;![CDATA[тест]]&gt;
  </keyword>
  <keyword auto="true" type="str" verify="true">
   &lt;![CDATA[психология]]&gt;
  </keyword>
 </keywords>
 <text auto="true" type="str" verify="true">
  &lt;![CDATA[ Всем привет!
Ребята, сейчас как никогда нужно заботиться о себе и о своем иммунитете. 

Но я уверена, что вы следите за состоянием своего здоровья и всячески укрепляете свой иммунитет.
Именно поэтому я решила сделать для вас тест на иммунитет: стоит ли тебе боятся коронавируса?
Всего 10 вопросов помогут тебе понять, находишься ли ты в зоне риска и что тебе стоит делать для укрепления иммунитета:)
Итак, есть три группы:
Проходите тест, делитесь со своими родными и близкими. И будьте здоровы!
Ну что, начинаем?

 ]]&gt;
 </text>
</doc>